2023-11-23 12:49:37 | INFO | Добавлена ссылка Steam
2023-11-23 12:49:37 | INFO | Добавлена ссылка Ubisoft
2023-11-23 12:49:37 | INFO | Добавлена ссылка Xbox
2023-11-23 12:49:37 | INFO | Добавлена ссылка Warface
2023-11-23 12:49:37 | INFO | Добавлена ссылка YouTube
2023-11-23 12:49:37 | INFO | Добавлена ссылка Twitch
2023-11-23 12:49:37 | INFO | Добавлена ссылка TikTok
2023-11-23 12:49:37 | INFO | Добавлена ссылка Instagram
2023-11-23 12:49:37 | INFO | Добавлена ссылка VK
2023-11-23 12:49:37 | INFO | Добавлена ссылка Twitter
2023-11-23 12:49:37 | INFO | Добавлена ссылка OK
2023-11-23 12:49:37 | INFO | Добавлена ссылка Facebook
2023-11-23 12:49:37 | INFO | Добавлена ссылка Telegram
2023-11-23 12:49:37 | INFO | Добавлена ссылка Anime-planet
2023-11-23 12:49:37 | INFO | Добавлена ссылка Pikabu
2023-11-23 12:49:37 | INFO | Добавлена ссылка Reddit
2023-11-23 12:49:37 | INFO | Добавлена ссылка LolzGuru
2023-11-23 12:49:37 | INFO | Добавлена ссылка Github
2023-11-23 12:49:37 | INFO | Добавлена ссылка Gitlab
2023-11-23 12:49:37 | INFO | Добавлена ссылка AskFM
2023-11-23 12:49:37 | INFO | Добавлена ссылка SoundCloud
2023-11-23 12:49:37 | INFO | Добавлена ссылка Badoo
2023-11-23 12:49:37 | INFO | Добавлена ссылка Patreon
2023-11-23 12:49:37 | INFO | Добавлена ссылка Mamba
2023-11-23 12:49:37 | INFO | Добавлена ссылка TamTamChat
2023-11-23 12:49:37 | INFO | Добавлена ссылка Teletype
2023-11-23 12:49:37 | INFO | Добавлена ссылка DonationAlerts
2023-11-23 12:49:37 | INFO | Добавлена ссылка Qiwi
2023-11-23 12:49:37 | INFO | Добавлена ссылка PayPal
2023-11-23 12:49:37 | INFO | Добавлена ссылка Chess
2023-11-23 12:49:37 | INFO | Добавлена ссылка Linux
2023-11-23 12:49:37 | INFO | Добавлена ссылка Bitcoinforum
2023-11-23 12:49:37 | INFO | Добавлена ссылка Scala-Lang
2023-11-23 12:49:37 | INFO | Добавлена ссылка Signalusers
2023-11-23 12:49:37 | INFO | Добавлена ссылка Ebay
2023-11-23 12:49:37 | INFO | Добавлена ссылка PyPi
2023-11-23 12:49:37 | INFO | Добавлена ссылка Wikipedia
2023-11-23 12:49:37 | INFO | Добавлена ссылка Pastebin
2023-11-23 12:49:37 | INFO | Добавлена ссылка Metacritic
2023-11-23 12:49:37 | INFO | Добавлена ссылка OpenStreetMap
2023-11-23 12:49:37 | INFO | Добавлена ссылка Pinboard
2023-11-23 12:49:37 | INFO | Добавлена ссылка Pinkbike
2023-11-23 12:49:37 | INFO | Добавлена ссылка Seoclerks
2023-11-23 12:49:37 | INFO | Добавлена ссылка KickStarter
2023-11-23 13:06:52 | INFO | asdfa
2023-11-23 13:07:11 | ERROR | asdfa
2023-11-23 13:14:28 | DEBUG | Поиск по ссылке Steam: https://steamcommunity.com/id/golifox
2023-11-23 13:14:29 | INFO | Найдено в Steam: https://steamcommunity.com/id/golifox
2023-11-23 13:14:29 | DEBUG | Поиск по ссылке Ubisoft: https://club.ubisoft.com/profile/golifox
2023-11-23 13:14:31 | INFO | Найдено в Ubisoft: https://club.ubisoft.com/profile/golifox
2023-11-23 13:14:31 | DEBUG | Поиск по ссылке Xbox: https://account.xbox.com/profile?gamertag=golifox
2023-11-23 13:14:32 | INFO | Найдено в Xbox: https://account.xbox.com/profile?gamertag=golifox
2023-11-23 13:14:32 | DEBUG | Поиск по ссылке Warface: https://wfts.su/profile/golifox
2023-11-23 13:14:33 | INFO | Найдено в Warface: https://wfts.su/profile/golifox
2023-11-23 13:14:33 | DEBUG | Поиск по ссылке YouTube: https://youtube.com/user/golifox
2023-11-23 13:14:34 | INFO | YouTube не найдено
2023-11-23 13:14:34 | DEBUG | Поиск по ссылке Twitch: https://twitch.tv/golifox
2023-11-23 13:14:35 | INFO | Найдено в Twitch: https://twitch.tv/golifox
2023-11-23 13:14:35 | DEBUG | Поиск по ссылке TikTok: https://www.tiktok.com/@golifox
2023-11-23 13:14:35 | INFO | Найдено в TikTok: https://www.tiktok.com/@golifox
2023-11-23 13:14:35 | DEBUG | Поиск по ссылке Instagram: https://instagram.com/golifox
2023-11-23 13:14:36 | INFO | Найдено в Instagram: https://instagram.com/golifox
2023-11-23 13:14:36 | DEBUG | Поиск по ссылке VK: https://vk.com/golifox
2023-11-23 13:14:36 | INFO | VK не найдено
2023-11-23 13:14:36 | DEBUG | Поиск по ссылке Twitter: https://twitter.com/golifox
2023-11-23 13:14:37 | INFO | Найдено в Twitter: https://twitter.com/golifox
2023-11-23 13:14:37 | DEBUG | Поиск по ссылке OK: https://ok.ru/golifox
2023-11-23 13:14:37 | INFO | OK не найдено
2023-11-23 13:14:37 | DEBUG | Поиск по ссылке Facebook: https://www.facebook.com/golifox
2023-11-23 13:14:38 | INFO | Найдено в Facebook: https://www.facebook.com/golifox
2023-11-23 13:14:38 | DEBUG | Поиск по ссылке Telegram: https://t.me/golifox
2023-11-23 13:14:38 | INFO | Найдено в Telegram: https://t.me/golifox
2023-11-23 13:14:38 | DEBUG | Поиск по ссылке Anime-planet: https://anime-planet.com/users/golifox
2023-11-23 13:14:38 | INFO | Anime-planet не найдено
2023-11-23 13:14:38 | DEBUG | Поиск по ссылке Pikabu: https://pikabu.ru/@golifox
2023-11-23 13:14:40 | INFO | Найдено в Pikabu: https://pikabu.ru/@golifox
2023-11-23 13:14:40 | DEBUG | Поиск по ссылке Reddit: https://www.reddit.com/user/golifox
2023-11-23 13:14:41 | INFO | Найдено в Reddit: https://www.reddit.com/user/golifox
2023-11-23 13:14:41 | DEBUG | Поиск по ссылке LolzGuru: https://www.lolz.guru/golifox
2023-11-23 13:14:41 | ERROR | Ошибка запроса для LolzGuru: HTTPSConnectionPool(host='www.lolz.guru', port=443): Max retries exceeded with url: /golifox (Caused by SSLError(SSLCertVerificationError(1, "[SSL: CERTIFICATE_VERIFY_FAILED] certificate verify failed: Hostname mismatch, certificate is not valid for 'www.lolz.guru'. (_ssl.c:1000)")))
2023-11-23 13:14:41 | DEBUG | Поиск по ссылке Github: https://github.com/golifox
2023-11-23 13:14:43 | INFO | Найдено в Github: https://github.com/golifox
2023-11-23 13:14:43 | DEBUG | Поиск по ссылке Gitlab: https://gitlab.com/golifox
2023-11-23 13:14:43 | INFO | Найдено в Gitlab: https://gitlab.com/golifox
2023-11-23 13:14:43 | DEBUG | Поиск по ссылке AskFM: https://ask.fm/golifox
2023-11-23 13:14:45 | INFO | Найдено в AskFM: https://ask.fm/golifox
2023-11-23 13:14:45 | DEBUG | Поиск по ссылке SoundCloud: https://soundcloud.com/golifox
2023-11-23 13:14:45 | INFO | Найдено в SoundCloud: https://soundcloud.com/golifox
2023-11-23 13:14:45 | DEBUG | Поиск по ссылке Badoo: https://badoo.com/profile/golifox
2023-11-23 13:14:46 | INFO | Найдено в Badoo: https://badoo.com/profile/golifox
2023-11-23 13:14:46 | DEBUG | Поиск по ссылке Patreon: https://patreon.com/golifox
2023-11-23 13:14:47 | INFO | Patreon не найдено
2023-11-23 13:14:47 | DEBUG | Поиск по ссылке Mamba: https://www.mamba.ru/golifox
2023-11-23 13:14:48 | INFO | Mamba не найдено
2023-11-23 13:14:48 | DEBUG | Поиск по ссылке TamTamChat: https://tt.me/golifox
2023-11-23 13:14:49 | INFO | Найдено в TamTamChat: https://tt.me/golifox
2023-11-23 13:14:49 | DEBUG | Поиск по ссылке Teletype: https://teletype.in/@golifox
2023-11-23 13:14:49 | INFO | Teletype не найдено
2023-11-23 13:14:49 | DEBUG | Поиск по ссылке DonationAlerts: https://www.donationalerts.com/r/golifox
2023-11-23 13:14:50 | INFO | DonationAlerts не найдено
2023-11-23 13:14:50 | DEBUG | Поиск по ссылке Qiwi: https://qiwi.me/golifox
2023-11-23 13:14:50 | ERROR | Ошибка запроса для Qiwi: HTTPSConnectionPool(host='qiwi.me', port=443): Max retries exceeded with url: /golifox (Caused by NameResolutionError("<urllib3.connection.HTTPSConnection object at 0x105850fb0>: Failed to resolve 'qiwi.me' ([Errno 8] nodename nor servname provided, or not known)"))
2023-11-23 13:14:50 | DEBUG | Поиск по ссылке PayPal: https://paypal.me/golifox
2023-11-23 13:14:51 | INFO | Найдено в PayPal: https://paypal.me/golifox
2023-11-23 13:14:51 | DEBUG | Поиск по ссылке Chess: https://www.chess.com/member/golifox
2023-11-23 13:14:52 | INFO | Найдено в Chess: https://www.chess.com/member/golifox
2023-11-23 13:14:52 | DEBUG | Поиск по ссылке Linux: https://www.linux.org/members/golifox
2023-11-23 13:14:52 | INFO | Linux не найдено
2023-11-23 13:14:52 | DEBUG | Поиск по ссылке Bitcoinforum: https://bitcoinforum.com/profile/golifox
2023-11-23 13:14:54 | INFO | Найдено в Bitcoinforum: https://bitcoinforum.com/profile/golifox
2023-11-23 13:14:54 | DEBUG | Поиск по ссылке Scala-Lang: https://users.scala-lang.org/u/golifox
2023-11-23 13:14:55 | INFO | Scala-Lang не найдено
2023-11-23 13:14:55 | DEBUG | Поиск по ссылке Signalusers: https://community.signalusers.org/u/golifox
2023-11-23 13:14:55 | INFO | Signalusers не найдено
2023-11-23 13:14:55 | DEBUG | Поиск по ссылке Ebay: https://www.ebay.com/usr/golifox
2023-11-23 13:14:56 | INFO | Найдено в Ebay: https://www.ebay.com/usr/golifox
2023-11-23 13:14:56 | DEBUG | Поиск по ссылке PyPi: https://pypi.org/user/golifox
2023-11-23 13:14:57 | INFO | PyPi не найдено
2023-11-23 13:14:57 | DEBUG | Поиск по ссылке Wikipedia: https://wikipedia.org/wiki/user:golifox
2023-11-23 13:14:58 | INFO | Wikipedia не найдено
2023-11-23 13:14:58 | DEBUG | Поиск по ссылке Pastebin: https://pastebin.com/u/golifox
2023-11-23 13:14:59 | INFO | Найдено в Pastebin: https://pastebin.com/u/golifox
2023-11-23 13:14:59 | DEBUG | Поиск по ссылке Metacritic: https://metacritic.com/user/golifox
2023-11-23 13:14:59 | INFO | Metacritic не найдено
2023-11-23 13:14:59 | DEBUG | Поиск по ссылке OpenStreetMap: https://www.openstreetmap.org/user/golifox
2023-11-23 13:15:00 | INFO | OpenStreetMap не найдено
2023-11-23 13:15:00 | DEBUG | Поиск по ссылке Pinboard: https://pinboard.in/u:golifox
2023-11-23 13:15:01 | INFO | Pinboard не найдено
2023-11-23 13:15:01 | DEBUG | Поиск по ссылке Pinkbike: https://pinkbike.com/u/golifox
2023-11-23 13:15:03 | INFO | Pinkbike не найдено
2023-11-23 13:15:03 | DEBUG | Поиск по ссылке Seoclerks: https://www.seoclerks.com/user/golifox
2023-11-23 13:15:04 | INFO | Найдено в Seoclerks: https://www.seoclerks.com/user/golifox
2023-11-23 13:15:04 | DEBUG | Поиск по ссылке KickStarter: https://www.kickstarter.com/profile/golifox
2023-11-23 13:15:05 | INFO | KickStarter не найдено
2023-11-23 13:30:04 | INFO | Добавлена ссылка Steam
2023-11-23 13:30:04 | INFO | Добавлена ссылка Ubisoft
2023-11-23 13:30:04 | INFO | Добавлена ссылка Xbox
2023-11-23 13:30:04 | INFO | Добавлена ссылка Warface
2023-11-23 13:30:04 | INFO | Добавлена ссылка YouTube
2023-11-23 13:30:04 | INFO | Добавлена ссылка Twitch
2023-11-23 13:30:04 | INFO | Добавлена ссылка TikTok
2023-11-23 13:30:04 | INFO | Добавлена ссылка Instagram
2023-11-23 13:30:04 | INFO | Добавлена ссылка VK
2023-11-23 13:30:04 | INFO | Добавлена ссылка Twitter
2023-11-23 13:30:04 | INFO | Добавлена ссылка OK
2023-11-23 13:30:04 | INFO | Добавлена ссылка Facebook
2023-11-23 13:30:04 | INFO | Добавлена ссылка Telegram
2023-11-23 13:30:04 | INFO | Добавлена ссылка Anime-planet
2023-11-23 13:30:04 | INFO | Добавлена ссылка Pikabu
2023-11-23 13:30:04 | INFO | Добавлена ссылка Reddit
2023-11-23 13:30:04 | INFO | Добавлена ссылка LolzGuru
2023-11-23 13:30:04 | INFO | Добавлена ссылка Github
2023-11-23 13:30:04 | INFO | Добавлена ссылка Gitlab
2023-11-23 13:30:04 | INFO | Добавлена ссылка AskFM
2023-11-23 13:30:04 | INFO | Добавлена ссылка SoundCloud
2023-11-23 13:30:04 | INFO | Добавлена ссылка Badoo
2023-11-23 13:30:04 | INFO | Добавлена ссылка Patreon
2023-11-23 13:30:04 | INFO | Добавлена ссылка Mamba
2023-11-23 13:30:04 | INFO | Добавлена ссылка TamTamChat
2023-11-23 13:30:04 | INFO | Добавлена ссылка Teletype
2023-11-23 13:30:04 | INFO | Добавлена ссылка DonationAlerts
2023-11-23 13:30:04 | INFO | Добавлена ссылка Qiwi
2023-11-23 13:30:04 | INFO | Добавлена ссылка PayPal
2023-11-23 13:30:04 | INFO | Добавлена ссылка Chess
2023-11-23 13:30:04 | INFO | Добавлена ссылка Linux
2023-11-23 13:30:04 | INFO | Добавлена ссылка Bitcoinforum
2023-11-23 13:30:04 | INFO | Добавлена ссылка Scala-Lang
2023-11-23 13:30:04 | INFO | Добавлена ссылка Signalusers
2023-11-23 13:30:04 | INFO | Добавлена ссылка Ebay
2023-11-23 13:30:04 | INFO | Добавлена ссылка PyPi
2023-11-23 13:30:04 | INFO | Добавлена ссылка Wikipedia
2023-11-23 13:30:04 | INFO | Добавлена ссылка Pastebin
2023-11-23 13:30:04 | INFO | Добавлена ссылка Metacritic
2023-11-23 13:30:04 | INFO | Добавлена ссылка OpenStreetMap
2023-11-23 13:30:04 | INFO | Добавлена ссылка Pinboard
2023-11-23 13:30:04 | INFO | Добавлена ссылка Pinkbike
2023-11-23 13:30:04 | INFO | Добавлена ссылка Seoclerks
2023-11-23 13:30:04 | INFO | Добавлена ссылка KickStarter
2023-11-23 15:26:46 | DEBUG | Поиск по ссылке Steam: https://steamcommunity.com/id/golifox
2023-11-23 15:26:47 | INFO | Найдено в Steam: https://steamcommunity.com/id/golifox
2023-11-23 15:26:47 | DEBUG | Поиск по ссылке Ubisoft: https://club.ubisoft.com/profile/golifox
2023-11-23 15:26:47 | INFO | Ubisoft не найдено
2023-11-23 15:26:47 | DEBUG | Поиск по ссылке Xbox: https://account.xbox.com/profile?gamertag=golifox
2023-11-23 15:26:48 | INFO | Xbox не найдено
2023-11-23 15:26:48 | DEBUG | Поиск по ссылке Warface: https://wfts.su/profile/golifox
2023-11-23 15:26:49 | INFO | Найдено в Warface: https://wfts.su/profile/golifox
2023-11-23 15:26:49 | DEBUG | Поиск по ссылке YouTube: https://youtube.com/user/golifox
2023-11-23 15:26:49 | INFO | YouTube не найдено
2023-11-23 15:26:49 | DEBUG | Поиск по ссылке Twitch: https://twitch.tv/golifox
2023-11-23 15:26:49 | INFO | Twitch не найдено
2023-11-23 15:26:49 | DEBUG | Поиск по ссылке TikTok: https://www.tiktok.com/@golifox
2023-11-23 15:26:50 | INFO | Найдено в TikTok: https://www.tiktok.com/@golifox
2023-11-23 15:26:50 | DEBUG | Поиск по ссылке Instagram: https://instagram.com/golifox
2023-11-23 15:26:51 | INFO | Instagram не найдено
2023-11-23 15:26:51 | DEBUG | Поиск по ссылке VK: https://vk.com/golifox
2023-11-23 15:26:51 | INFO | VK не найдено
2023-11-23 15:26:51 | DEBUG | Поиск по ссылке Twitter: https://twitter.com/golifox
2023-11-23 15:26:51 | INFO | Найдено в Twitter: https://twitter.com/golifox
2023-11-23 15:26:51 | DEBUG | Поиск по ссылке OK: https://ok.ru/golifox
2023-11-23 15:26:52 | INFO | OK не найдено
2023-11-23 15:26:52 | DEBUG | Поиск по ссылке Facebook: https://www.facebook.com/golifox
2023-11-23 15:26:52 | INFO | Найдено в Facebook: https://www.facebook.com/golifox
2023-11-23 15:26:52 | DEBUG | Поиск по ссылке Telegram: https://t.me/golifox
2023-11-23 15:26:53 | INFO | Найдено в Telegram: https://t.me/golifox
2023-11-23 15:26:53 | DEBUG | Поиск по ссылке Anime-planet: https://anime-planet.com/users/golifox
2023-11-23 15:26:53 | INFO | Anime-planet не найдено
2023-11-23 15:26:53 | DEBUG | Поиск по ссылке Pikabu: https://pikabu.ru/@golifox
2023-11-23 15:26:53 | INFO | Найдено в Pikabu: https://pikabu.ru/@golifox
2023-11-23 15:26:53 | DEBUG | Поиск по ссылке Reddit: https://www.reddit.com/user/golifox
2023-11-23 15:26:54 | INFO | Reddit не найдено
2023-11-23 15:26:54 | DEBUG | Поиск по ссылке LolzGuru: https://www.lolz.guru/golifox
2023-11-23 15:28:07 | DEBUG | Поиск по ссылке Steam: https://steamcommunity.com/id/golifox
2023-11-23 15:28:07 | INFO | Найдено в Steam: https://steamcommunity.com/id/golifox
2023-11-23 15:28:07 | DEBUG | Поиск по ссылке Ubisoft: https://club.ubisoft.com/profile/golifox
2023-11-23 15:28:08 | INFO | Ubisoft не найдено
2023-11-23 15:28:08 | DEBUG | Поиск по ссылке Xbox: https://account.xbox.com/profile?gamertag=golifox
2023-11-23 15:28:08 | INFO | Xbox не найдено
2023-11-23 15:28:08 | DEBUG | Поиск по ссылке Warface: https://wfts.su/profile/golifox
2023-11-23 15:28:09 | INFO | Найдено в Warface: https://wfts.su/profile/golifox
2023-11-23 15:28:09 | DEBUG | Поиск по ссылке YouTube: https://youtube.com/user/golifox
2023-11-23 15:28:09 | INFO | YouTube не найдено
2023-11-23 15:28:09 | DEBUG | Поиск по ссылке Twitch: https://twitch.tv/golifox
2023-11-23 15:28:09 | INFO | Twitch не найдено
2023-11-23 15:28:09 | DEBUG | Поиск по ссылке TikTok: https://www.tiktok.com/@golifox
2023-11-23 15:28:10 | INFO | Найдено в TikTok: https://www.tiktok.com/@golifox
2023-11-23 15:28:10 | DEBUG | Поиск по ссылке Instagram: https://instagram.com/golifox
2023-11-23 15:28:10 | INFO | Instagram не найдено
2023-11-23 15:28:10 | DEBUG | Поиск по ссылке VK: https://vk.com/golifox
2023-11-23 15:28:11 | INFO | VK не найдено
2023-11-23 15:28:11 | DEBUG | Поиск по ссылке Twitter: https://twitter.com/golifox
2023-11-23 15:28:11 | INFO | Найдено в Twitter: https://twitter.com/golifox
2023-11-23 15:28:11 | DEBUG | Поиск по ссылке OK: https://ok.ru/golifox
2023-11-23 15:28:12 | INFO | OK не найдено
2023-11-23 15:28:12 | DEBUG | Поиск по ссылке Facebook: https://www.facebook.com/golifox
2023-11-23 15:28:12 | INFO | Найдено в Facebook: https://www.facebook.com/golifox
2023-11-23 15:28:12 | DEBUG | Поиск по ссылке Telegram: https://t.me/golifox
2023-11-23 15:28:12 | INFO | Найдено в Telegram: https://t.me/golifox
2023-11-23 15:28:12 | DEBUG | Поиск по ссылке Anime-planet: https://anime-planet.com/users/golifox
2023-11-23 15:28:13 | INFO | Anime-planet не найдено
2023-11-23 15:28:13 | DEBUG | Поиск по ссылке Pikabu: https://pikabu.ru/@golifox
2023-11-23 15:28:13 | INFO | Найдено в Pikabu: https://pikabu.ru/@golifox
2023-11-23 15:28:13 | DEBUG | Поиск по ссылке Reddit: https://www.reddit.com/user/golifox
2023-11-23 15:28:13 | INFO | Reddit не найдено
2023-11-23 15:28:13 | DEBUG | Поиск по ссылке LolzGuru: https://www.lolz.guru/golifox
2023-11-23 15:28:14 | ERROR | Ошибка запроса для LolzGuru: Server disconnected without sending a response.
2023-11-23 15:28:14 | DEBUG | Поиск по ссылке Github: https://github.com/golifox
2023-11-23 15:28:15 | INFO | Найдено в Github: https://github.com/golifox
2023-11-23 15:28:15 | DEBUG | Поиск по ссылке Gitlab: https://gitlab.com/golifox
2023-11-23 15:28:16 | INFO | Найдено в Gitlab: https://gitlab.com/golifox
2023-11-23 15:28:16 | DEBUG | Поиск по ссылке AskFM: https://ask.fm/golifox
2023-11-23 15:28:17 | INFO | Найдено в AskFM: https://ask.fm/golifox
2023-11-23 15:28:17 | DEBUG | Поиск по ссылке SoundCloud: https://soundcloud.com/golifox
2023-11-23 15:28:18 | INFO | Найдено в SoundCloud: https://soundcloud.com/golifox
2023-11-23 15:28:18 | DEBUG | Поиск по ссылке Badoo: https://badoo.com/profile/golifox
2023-11-23 15:28:18 | INFO | Найдено в Badoo: https://badoo.com/profile/golifox
2023-11-23 15:28:18 | DEBUG | Поиск по ссылке Patreon: https://patreon.com/golifox
2023-11-23 15:28:19 | INFO | Patreon не найдено
2023-11-23 15:28:19 | DEBUG | Поиск по ссылке Mamba: https://www.mamba.ru/golifox
2023-11-23 15:28:19 | INFO | Mamba не найдено
2023-11-23 15:28:19 | DEBUG | Поиск по ссылке TamTamChat: https://tt.me/golifox
2023-11-23 15:28:19 | INFO | TamTamChat не найдено
2023-11-23 15:28:19 | DEBUG | Поиск по ссылке Teletype: https://teletype.in/@golifox
2023-11-23 15:28:20 | INFO | Teletype не найдено
2023-11-23 15:28:20 | DEBUG | Поиск по ссылке DonationAlerts: https://www.donationalerts.com/r/golifox
2023-11-23 15:28:20 | INFO | DonationAlerts не найдено
2023-11-23 15:28:20 | DEBUG | Поиск по ссылке Qiwi: https://qiwi.me/golifox
2023-11-23 15:28:21 | ERROR | Ошибка запроса для Qiwi: [Errno 8] nodename nor servname provided, or not known
2023-11-23 15:28:21 | DEBUG | Поиск по ссылке PayPal: https://paypal.me/golifox
2023-11-23 15:28:21 | INFO | PayPal не найдено
2023-11-23 15:28:21 | DEBUG | Поиск по ссылке Chess: https://www.chess.com/member/golifox
2023-11-23 15:28:22 | INFO | Найдено в Chess: https://www.chess.com/member/golifox
2023-11-23 15:28:22 | DEBUG | Поиск по ссылке Linux: https://www.linux.org/members/golifox
2023-11-23 15:28:22 | INFO | Linux не найдено
2023-11-23 15:28:22 | DEBUG | Поиск по ссылке Bitcoinforum: https://bitcoinforum.com/profile/golifox
2023-11-23 15:28:23 | INFO | Найдено в Bitcoinforum: https://bitcoinforum.com/profile/golifox
2023-11-23 15:28:23 | DEBUG | Поиск по ссылке Scala-Lang: https://users.scala-lang.org/u/golifox
2023-11-23 15:28:24 | INFO | Scala-Lang не найдено
2023-11-23 15:28:24 | DEBUG | Поиск по ссылке Signalusers: https://community.signalusers.org/u/golifox
2023-11-23 15:28:24 | INFO | Signalusers не найдено
2023-11-23 15:28:24 | DEBUG | Поиск по ссылке Ebay: https://www.ebay.com/usr/golifox
2023-11-23 15:28:25 | INFO | Найдено в Ebay: https://www.ebay.com/usr/golifox
2023-11-23 15:28:25 | DEBUG | Поиск по ссылке PyPi: https://pypi.org/user/golifox
2023-11-23 15:28:25 | INFO | PyPi не найдено
2023-11-23 15:28:25 | DEBUG | Поиск по ссылке Wikipedia: https://wikipedia.org/wiki/user:golifox
2023-11-23 15:28:26 | INFO | Wikipedia не найдено
2023-11-23 15:28:26 | DEBUG | Поиск по ссылке Pastebin: https://pastebin.com/u/golifox
2023-11-23 15:28:26 | INFO | Найдено в Pastebin: https://pastebin.com/u/golifox
2023-11-23 15:28:26 | DEBUG | Поиск по ссылке Metacritic: https://metacritic.com/user/golifox
2023-11-23 15:28:26 | INFO | Metacritic не найдено
2023-11-23 15:28:26 | DEBUG | Поиск по ссылке OpenStreetMap: https://www.openstreetmap.org/user/golifox
2023-11-23 15:28:27 | INFO | OpenStreetMap не найдено
2023-11-23 15:28:27 | DEBUG | Поиск по ссылке Pinboard: https://pinboard.in/u:golifox
2023-11-23 15:28:28 | INFO | Pinboard не найдено
2023-11-23 15:28:28 | DEBUG | Поиск по ссылке Pinkbike: https://pinkbike.com/u/golifox
2023-11-23 15:28:29 | INFO | Pinkbike не найдено
2023-11-23 15:28:29 | DEBUG | Поиск по ссылке Seoclerks: https://www.seoclerks.com/user/golifox
2023-11-23 15:28:30 | INFO | Seoclerks не найдено
2023-11-23 15:28:30 | DEBUG | Поиск по ссылке KickStarter: https://www.kickstarter.com/profile/golifox
2023-11-23 15:28:30 | INFO | KickStarter не найдено
2023-11-23 15:46:26 | DEBUG | Поиск по ссылке Steam: https://steamcommunity.com/id/golifox
2023-11-23 15:46:27 | INFO | Найдено в Steam: https://steamcommunity.com/id/golifox
2023-11-23 15:46:27 | DEBUG | Поиск по ссылке Ubisoft: https://club.ubisoft.com/profile/golifox
2023-11-23 15:46:27 | INFO | Ubisoft не найдено
2023-11-23 15:46:27 | DEBUG | Поиск по ссылке Xbox: https://account.xbox.com/profile?gamertag=golifox
2023-11-23 15:46:28 | INFO | Xbox не найдено
2023-11-23 15:46:28 | DEBUG | Поиск по ссылке Warface: https://wfts.su/profile/golifox
2023-11-23 15:46:28 | INFO | Найдено в Warface: https://wfts.su/profile/golifox
2023-11-23 15:46:28 | DEBUG | Поиск по ссылке YouTube: https://youtube.com/user/golifox
2023-11-23 15:46:29 | INFO | YouTube не найдено
2023-11-23 15:46:29 | DEBUG | Поиск по ссылке Twitch: https://twitch.tv/golifox
2023-11-23 15:46:29 | INFO | Twitch не найдено
2023-11-23 15:46:29 | DEBUG | Поиск по ссылке TikTok: https://www.tiktok.com/@golifox
2023-11-23 15:46:30 | INFO | Найдено в TikTok: https://www.tiktok.com/@golifox
2023-11-23 15:46:30 | DEBUG | Поиск по ссылке Instagram: https://instagram.com/golifox
2023-11-23 15:46:30 | INFO | Instagram не найдено
2023-11-23 15:46:30 | DEBUG | Поиск по ссылке VK: https://vk.com/golifox
2023-11-23 15:46:30 | INFO | VK не найдено
2023-11-23 15:46:30 | DEBUG | Поиск по ссылке Twitter: https://twitter.com/golifox
2023-11-23 15:46:31 | INFO | Найдено в Twitter: https://twitter.com/golifox
2023-11-23 15:46:31 | DEBUG | Поиск по ссылке OK: https://ok.ru/golifox
2023-11-23 15:46:31 | INFO | OK не найдено
2023-11-23 15:46:31 | DEBUG | Поиск по ссылке Facebook: https://www.facebook.com/golifox
2023-11-23 15:46:32 | INFO | Найдено в Facebook: https://www.facebook.com/golifox
2023-11-23 15:46:32 | DEBUG | Поиск по ссылке Telegram: https://t.me/golifox
2023-11-23 15:46:32 | INFO | Найдено в Telegram: https://t.me/golifox
2023-11-23 15:46:32 | DEBUG | Поиск по ссылке Anime-planet: https://anime-planet.com/users/golifox
2023-11-23 15:46:33 | INFO | Anime-planet не найдено
2023-11-23 15:46:33 | DEBUG | Поиск по ссылке Pikabu: https://pikabu.ru/@golifox
2023-11-23 15:46:33 | INFO | Найдено в Pikabu: https://pikabu.ru/@golifox
2023-11-23 15:46:33 | DEBUG | Поиск по ссылке Reddit: https://www.reddit.com/user/golifox
2023-11-23 15:46:33 | INFO | Reddit не найдено
2023-11-23 15:46:33 | DEBUG | Поиск по ссылке LolzGuru: https://www.lolz.guru/golifox
2023-11-23 15:46:34 | ERROR | Ошибка запроса для LolzGuru: Server disconnected without sending a response.
2023-11-23 15:46:34 | DEBUG | Поиск по ссылке Github: https://github.com/golifox
2023-11-23 15:46:36 | INFO | Найдено в Github: https://github.com/golifox
2023-11-23 15:46:36 | DEBUG | Поиск по ссылке Gitlab: https://gitlab.com/golifox
2023-11-23 15:46:37 | INFO | Найдено в Gitlab: https://gitlab.com/golifox
2023-11-23 15:46:37 | DEBUG | Поиск по ссылке AskFM: https://ask.fm/golifox
2023-11-23 15:46:38 | INFO | Найдено в AskFM: https://ask.fm/golifox
2023-11-23 15:46:38 | DEBUG | Поиск по ссылке SoundCloud: https://soundcloud.com/golifox
2023-11-23 15:46:38 | INFO | Найдено в SoundCloud: https://soundcloud.com/golifox
2023-11-23 15:46:38 | DEBUG | Поиск по ссылке Badoo: https://badoo.com/profile/golifox
2023-11-23 15:46:39 | INFO | Найдено в Badoo: https://badoo.com/profile/golifox
2023-11-23 15:46:39 | DEBUG | Поиск по ссылке Patreon: https://patreon.com/golifox
2023-11-23 15:46:40 | INFO | Patreon не найдено
2023-11-23 15:46:40 | DEBUG | Поиск по ссылке Mamba: https://www.mamba.ru/golifox
2023-11-23 15:46:41 | INFO | Mamba не найдено
2023-11-23 15:46:41 | DEBUG | Поиск по ссылке TamTamChat: https://tt.me/golifox
2023-11-23 15:46:41 | INFO | TamTamChat не найдено
2023-11-23 15:46:41 | DEBUG | Поиск по ссылке Teletype: https://teletype.in/@golifox
2023-11-23 15:46:41 | INFO | Teletype не найдено
2023-11-23 15:46:41 | DEBUG | Поиск по ссылке DonationAlerts: https://www.donationalerts.com/r/golifox
2023-11-23 15:46:42 | INFO | DonationAlerts не найдено
2023-11-23 15:46:42 | DEBUG | Поиск по ссылке Qiwi: https://qiwi.me/golifox
2023-11-23 15:46:42 | ERROR | Ошибка запроса для Qiwi: [Errno 8] nodename nor servname provided, or not known
2023-11-23 15:46:42 | DEBUG | Поиск по ссылке PayPal: https://paypal.me/golifox
2023-11-23 15:46:42 | INFO | PayPal не найдено
2023-11-23 15:46:42 | DEBUG | Поиск по ссылке Chess: https://www.chess.com/member/golifox
2023-11-23 15:46:43 | INFO | Найдено в Chess: https://www.chess.com/member/golifox
2023-11-23 15:46:43 | DEBUG | Поиск по ссылке Linux: https://www.linux.org/members/golifox
2023-11-23 15:46:43 | INFO | Linux не найдено
2023-11-23 15:46:43 | DEBUG | Поиск по ссылке Bitcoinforum: https://bitcoinforum.com/profile/golifox
2023-11-23 15:46:46 | INFO | Найдено в Bitcoinforum: https://bitcoinforum.com/profile/golifox
2023-11-23 15:46:46 | DEBUG | Поиск по ссылке Scala-Lang: https://users.scala-lang.org/u/golifox
2023-11-23 15:46:47 | INFO | Scala-Lang не найдено
2023-11-23 15:46:47 | DEBUG | Поиск по ссылке Signalusers: https://community.signalusers.org/u/golifox
2023-11-23 15:46:48 | INFO | Signalusers не найдено
2023-11-23 15:46:48 | DEBUG | Поиск по ссылке Ebay: https://www.ebay.com/usr/golifox
2023-11-23 15:46:48 | INFO | Найдено в Ebay: https://www.ebay.com/usr/golifox
2023-11-23 15:46:48 | DEBUG | Поиск по ссылке PyPi: https://pypi.org/user/golifox
2023-11-23 15:46:49 | INFO | PyPi не найдено
2023-11-23 15:46:49 | DEBUG | Поиск по ссылке Wikipedia: https://wikipedia.org/wiki/user:golifox
2023-11-23 15:46:49 | INFO | Wikipedia не найдено
2023-11-23 15:46:49 | DEBUG | Поиск по ссылке Pastebin: https://pastebin.com/u/golifox
2023-11-23 15:46:49 | INFO | Найдено в Pastebin: https://pastebin.com/u/golifox
2023-11-23 15:46:49 | DEBUG | Поиск по ссылке Metacritic: https://metacritic.com/user/golifox
2023-11-23 15:46:50 | INFO | Metacritic не найдено
2023-11-23 15:46:50 | DEBUG | Поиск по ссылке OpenStreetMap: https://www.openstreetmap.org/user/golifox
2023-11-23 15:46:50 | INFO | OpenStreetMap не найдено
2023-11-23 15:46:50 | DEBUG | Поиск по ссылке Pinboard: https://pinboard.in/u:golifox
2023-11-23 15:46:51 | INFO | Pinboard не найдено
2023-11-23 15:46:51 | DEBUG | Поиск по ссылке Pinkbike: https://pinkbike.com/u/golifox
2023-11-23 15:46:52 | INFO | Pinkbike не найдено
2023-11-23 15:46:52 | DEBUG | Поиск по ссылке Seoclerks: https://www.seoclerks.com/user/golifox
2023-11-23 15:46:53 | INFO | Seoclerks не найдено
2023-11-23 15:46:53 | DEBUG | Поиск по ссылке KickStarter: https://www.kickstarter.com/profile/golifox
2023-11-23 15:46:53 | INFO | KickStarter не найдено
2023-11-25 01:15:26 | DEBUG | Поиск по ссылке Steam: https://steamcommunity.com/id/golifox
2023-11-25 01:15:26 | INFO | Найдено в Steam: https://steamcommunity.com/id/golifox
2023-11-25 01:15:26 | DEBUG | Поиск по ссылке Ubisoft: https://club.ubisoft.com/profile/golifox
2023-11-25 01:15:27 | INFO | Ubisoft не найдено
2023-11-25 01:15:27 | DEBUG | Поиск по ссылке Xbox: https://account.xbox.com/profile?gamertag=golifox
2023-11-25 01:15:27 | INFO | Xbox не найдено
2023-11-25 01:15:27 | DEBUG | Поиск по ссылке Warface: https://wfts.su/profile/golifox
2023-11-25 01:15:28 | INFO | Найдено в Warface: https://wfts.su/profile/golifox
2023-11-25 01:15:28 | DEBUG | Поиск по ссылке YouTube: https://youtube.com/user/golifox
2023-11-25 01:15:28 | INFO | YouTube не найдено
2023-11-25 01:15:28 | DEBUG | Поиск по ссылке Twitch: https://twitch.tv/golifox
2023-11-25 01:15:29 | INFO | Twitch не найдено
2023-11-25 01:15:29 | DEBUG | Поиск по ссылке TikTok: https://www.tiktok.com/@golifox
2023-11-25 01:15:30 | INFO | Найдено в TikTok: https://www.tiktok.com/@golifox
2023-11-25 01:15:30 | DEBUG | Поиск по ссылке Instagram: https://instagram.com/golifox
2023-11-25 01:15:30 | INFO | Instagram не найдено
2023-11-25 01:15:30 | DEBUG | Поиск по ссылке VK: https://vk.com/golifox
2023-11-25 01:15:30 | INFO | VK не найдено
2023-11-25 01:15:30 | DEBUG | Поиск по ссылке Twitter: https://twitter.com/golifox
2023-11-25 01:15:31 | INFO | Найдено в Twitter: https://twitter.com/golifox
2023-11-25 01:15:31 | DEBUG | Поиск по ссылке OK: https://ok.ru/golifox
2023-11-25 01:15:31 | INFO | OK не найдено
2023-11-25 01:15:31 | DEBUG | Поиск по ссылке Facebook: https://www.facebook.com/golifox
2023-11-25 01:15:32 | INFO | Найдено в Facebook: https://www.facebook.com/golifox
2023-11-25 01:15:32 | DEBUG | Поиск по ссылке Telegram: https://t.me/golifox
2023-11-25 01:15:32 | INFO | Найдено в Telegram: https://t.me/golifox
2023-11-25 01:15:32 | DEBUG | Поиск по ссылке Anime-planet: https://anime-planet.com/users/golifox
2023-11-25 01:15:32 | INFO | Anime-planet не найдено
2023-11-25 01:15:32 | DEBUG | Поиск по ссылке Pikabu: https://pikabu.ru/@golifox
2023-11-25 01:15:33 | INFO | Найдено в Pikabu: https://pikabu.ru/@golifox
2023-11-25 01:15:33 | DEBUG | Поиск по ссылке Reddit: https://www.reddit.com/user/golifox
2023-11-25 01:15:33 | INFO | Reddit не найдено
2023-11-25 01:15:33 | DEBUG | Поиск по ссылке LolzGuru: https://www.lolz.guru/golifox
2023-11-25 01:15:33 | ERROR | Ошибка запроса для LolzGuru: Server disconnected without sending a response.
2023-11-25 01:15:33 | DEBUG | Поиск по ссылке Github: https://github.com/golifox
2023-11-25 01:15:34 | INFO | Найдено в Github: https://github.com/golifox
2023-11-25 01:15:34 | DEBUG | Поиск по ссылке Gitlab: https://gitlab.com/golifox
2023-11-25 01:15:35 | INFO | Найдено в Gitlab: https://gitlab.com/golifox
2023-11-25 01:15:35 | DEBUG | Поиск по ссылке AskFM: https://ask.fm/golifox
2023-11-25 01:15:37 | INFO | Найдено в AskFM: https://ask.fm/golifox
2023-11-25 01:15:37 | DEBUG | Поиск по ссылке SoundCloud: https://soundcloud.com/golifox
2023-11-25 01:15:37 | INFO | Найдено в SoundCloud: https://soundcloud.com/golifox
2023-11-25 01:15:37 | DEBUG | Поиск по ссылке Badoo: https://badoo.com/profile/golifox
2023-11-25 01:15:38 | INFO | Найдено в Badoo: https://badoo.com/profile/golifox
2023-11-25 01:15:38 | DEBUG | Поиск по ссылке Patreon: https://patreon.com/golifox
2023-11-25 01:15:38 | INFO | Patreon не найдено
2023-11-25 01:15:38 | DEBUG | Поиск по ссылке Mamba: https://www.mamba.ru/golifox
2023-11-25 01:15:39 | INFO | Mamba не найдено
2023-11-25 01:15:39 | DEBUG | Поиск по ссылке TamTamChat: https://tt.me/golifox
2023-11-25 01:15:40 | INFO | TamTamChat не найдено
2023-11-25 01:15:40 | DEBUG | Поиск по ссылке Teletype: https://teletype.in/@golifox
2023-11-25 01:15:40 | INFO | Teletype не найдено
2023-11-25 01:15:40 | DEBUG | Поиск по ссылке DonationAlerts: https://www.donationalerts.com/r/golifox
2023-11-25 01:15:41 | INFO | DonationAlerts не найдено
2023-11-25 01:15:41 | DEBUG | Поиск по ссылке Qiwi: https://qiwi.me/golifox
2023-11-25 01:15:41 | ERROR | Ошибка запроса для Qiwi: [Errno 8] nodename nor servname provided, or not known
2023-11-25 01:15:41 | DEBUG | Поиск по ссылке PayPal: https://paypal.me/golifox
2023-11-25 01:15:41 | INFO | PayPal не найдено
2023-11-25 01:15:41 | DEBUG | Поиск по ссылке Chess: https://www.chess.com/member/golifox
2023-11-25 01:15:42 | INFO | Найдено в Chess: https://www.chess.com/member/golifox
2023-11-25 01:15:42 | DEBUG | Поиск по ссылке Linux: https://www.linux.org/members/golifox
2023-11-25 01:15:42 | INFO | Linux не найдено
2023-11-25 01:15:42 | DEBUG | Поиск по ссылке Bitcoinforum: https://bitcoinforum.com/profile/golifox
2023-11-25 01:15:45 | INFO | Найдено в Bitcoinforum: https://bitcoinforum.com/profile/golifox
2023-11-25 01:15:45 | DEBUG | Поиск по ссылке Scala-Lang: https://users.scala-lang.org/u/golifox
2023-11-25 01:15:45 | INFO | Scala-Lang не найдено
2023-11-25 01:15:45 | DEBUG | Поиск по ссылке Signalusers: https://community.signalusers.org/u/golifox
2023-11-25 01:15:46 | INFO | Signalusers не найдено
2023-11-25 01:15:46 | DEBUG | Поиск по ссылке Ebay: https://www.ebay.com/usr/golifox
2023-11-25 01:15:46 | INFO | Найдено в Ebay: https://www.ebay.com/usr/golifox
2023-11-25 01:15:46 | DEBUG | Поиск по ссылке PyPi: https://pypi.org/user/golifox
2023-11-25 01:15:47 | INFO | PyPi не найдено
2023-11-25 01:15:47 | DEBUG | Поиск по ссылке Wikipedia: https://wikipedia.org/wiki/user:golifox
2023-11-25 01:15:47 | INFO | Wikipedia не найдено
2023-11-25 01:15:47 | DEBUG | Поиск по ссылке Pastebin: https://pastebin.com/u/golifox
2023-11-25 01:15:47 | INFO | Найдено в Pastebin: https://pastebin.com/u/golifox
2023-11-25 01:15:47 | DEBUG | Поиск по ссылке Metacritic: https://metacritic.com/user/golifox
2023-11-25 01:15:47 | INFO | Metacritic не найдено
2023-11-25 01:15:47 | DEBUG | Поиск по ссылке OpenStreetMap: https://www.openstreetmap.org/user/golifox
2023-11-25 01:15:48 | INFO | OpenStreetMap не найдено
2023-11-25 01:15:48 | DEBUG | Поиск по ссылке Pinboard: https://pinboard.in/u:golifox
2023-11-25 01:15:49 | INFO | Pinboard не найдено
2023-11-25 01:15:49 | DEBUG | Поиск по ссылке Pinkbike: https://pinkbike.com/u/golifox
2023-11-25 01:15:50 | INFO | Pinkbike не найдено
2023-11-25 01:15:50 | DEBUG | Поиск по ссылке Seoclerks: https://www.seoclerks.com/user/golifox
2023-11-25 01:15:51 | INFO | Seoclerks не найдено
2023-11-25 01:15:51 | DEBUG | Поиск по ссылке KickStarter: https://www.kickstarter.com/profile/golifox
2023-11-25 01:15:51 | INFO | KickStarter не найдено
2023-11-25 03:02:13 | INFO | Добавлена категория games
2023-11-25 03:02:13 | INFO | Добавлена ссылка Steam
2023-11-25 03:02:13 | INFO | Добавлена ссылка Ubisoft
2023-11-25 03:02:13 | INFO | Добавлена ссылка Xbox
2023-11-25 03:02:13 | INFO | Добавлена ссылка Warface
2023-11-25 03:02:13 | INFO | Добавлена категория vh
2023-11-25 03:02:13 | INFO | Добавлена ссылка YouTube
2023-11-25 03:02:13 | INFO | Добавлена ссылка Twitch
2023-11-25 03:02:13 | INFO | Добавлена ссылка TikTok
2023-11-25 03:02:13 | INFO | Добавлена категория social
2023-11-25 03:02:13 | INFO | Добавлена ссылка Instagram
2023-11-25 03:02:13 | INFO | Добавлена ссылка VK
2023-11-25 03:02:13 | INFO | Добавлена ссылка Twitter
2023-11-25 03:02:13 | INFO | Добавлена ссылка OK
2023-11-25 03:02:13 | INFO | Добавлена ссылка Facebook
2023-11-25 03:02:13 | INFO | Добавлена ссылка Telegram
2023-11-25 03:02:13 | INFO | Добавлена категория forums
2023-11-25 03:02:13 | INFO | Добавлена ссылка Anime-planet
2023-11-25 03:02:13 | INFO | Добавлена ссылка Pikabu
2023-11-25 03:02:13 | INFO | Добавлена ссылка Reddit
2023-11-25 03:02:13 | INFO | Добавлена ссылка LolzGuru
2023-11-25 03:02:13 | INFO | Добавлена категория other
2023-11-25 03:02:13 | INFO | Добавлена ссылка Github
2023-11-25 03:02:13 | INFO | Добавлена ссылка Gitlab
2023-11-25 03:02:13 | INFO | Добавлена ссылка AskFM
2023-11-25 03:02:13 | INFO | Добавлена ссылка SoundCloud
2023-11-25 03:02:13 | INFO | Добавлена ссылка Badoo
2023-11-25 03:02:13 | INFO | Добавлена ссылка Patreon
2023-11-25 03:02:13 | INFO | Добавлена ссылка Mamba
2023-11-25 03:02:13 | INFO | Добавлена ссылка TamTamChat
2023-11-25 03:02:13 | INFO | Добавлена ссылка Teletype
2023-11-25 03:02:13 | INFO | Добавлена ссылка DonationAlerts
2023-11-25 03:02:13 | INFO | Добавлена ссылка Qiwi
2023-11-25 03:02:13 | INFO | Добавлена ссылка PayPal
2023-11-25 03:02:13 | INFO | Добавлена ссылка Chess
2023-11-25 03:02:13 | INFO | Добавлена ссылка Linux
2023-11-25 03:02:13 | INFO | Добавлена ссылка Bitcoinforum
2023-11-25 03:02:13 | INFO | Добавлена ссылка Scala-Lang
2023-11-25 03:02:13 | INFO | Добавлена ссылка Signalusers
2023-11-25 03:02:13 | INFO | Добавлена ссылка Ebay
2023-11-25 03:02:13 | INFO | Добавлена ссылка PyPi
2023-11-25 03:02:13 | INFO | Добавлена ссылка Wikipedia
2023-11-25 03:02:13 | INFO | Добавлена ссылка Pastebin
2023-11-25 03:02:13 | INFO | Добавлена ссылка Metacritic
2023-11-25 03:02:13 | INFO | Добавлена ссылка OpenStreetMap
2023-11-25 03:02:13 | INFO | Добавлена ссылка Pinboard
2023-11-25 03:02:13 | INFO | Добавлена ссылка Pinkbike
2023-11-25 03:02:13 | INFO | Добавлена ссылка Seoclerks
2023-11-25 03:02:13 | INFO | Добавлена ссылка KickStarter
2023-11-25 03:02:13 | INFO | Добавлена категория money
2023-11-25 03:02:31 | INFO | Добавлена категория games
2023-11-25 03:02:31 | INFO | Добавлена ссылка Steam
2023-11-25 03:02:31 | INFO | Добавлена ссылка Ubisoft
2023-11-25 03:02:31 | INFO | Добавлена ссылка Xbox
2023-11-25 03:02:31 | INFO | Добавлена ссылка Warface
2023-11-25 03:02:31 | INFO | Добавлена категория vh
2023-11-25 03:02:31 | INFO | Добавлена ссылка YouTube
2023-11-25 03:02:31 | INFO | Добавлена ссылка Twitch
2023-11-25 03:02:31 | INFO | Добавлена ссылка TikTok
2023-11-25 03:02:31 | INFO | Добавлена категория social
2023-11-25 03:02:31 | INFO | Добавлена ссылка Instagram
2023-11-25 03:02:31 | INFO | Добавлена ссылка VK
2023-11-25 03:02:31 | INFO | Добавлена ссылка Twitter
2023-11-25 03:02:31 | INFO | Добавлена ссылка OK
2023-11-25 03:02:31 | INFO | Добавлена ссылка Facebook
2023-11-25 03:02:31 | INFO | Добавлена ссылка Telegram
2023-11-25 03:02:31 | INFO | Добавлена категория forums
2023-11-25 03:02:31 | INFO | Добавлена ссылка Anime-planet
2023-11-25 03:02:31 | INFO | Добавлена ссылка Pikabu
2023-11-25 03:02:31 | INFO | Добавлена ссылка Reddit
2023-11-25 03:02:31 | INFO | Добавлена ссылка LolzGuru
2023-11-25 03:02:31 | INFO | Добавлена категория other
2023-11-25 03:02:31 | INFO | Добавлена ссылка Github
2023-11-25 03:02:31 | INFO | Добавлена ссылка Gitlab
2023-11-25 03:02:31 | INFO | Добавлена ссылка AskFM
2023-11-25 03:02:31 | INFO | Добавлена ссылка SoundCloud
2023-11-25 03:02:31 | INFO | Добавлена ссылка Badoo
2023-11-25 03:02:31 | INFO | Добавлена ссылка Patreon
2023-11-25 03:02:31 | INFO | Добавлена ссылка Mamba
2023-11-25 03:02:31 | INFO | Добавлена ссылка TamTamChat
2023-11-25 03:02:31 | INFO | Добавлена ссылка Teletype
2023-11-25 03:02:31 | INFO | Добавлена ссылка DonationAlerts
2023-11-25 03:02:31 | INFO | Добавлена ссылка Qiwi
2023-11-25 03:02:31 | INFO | Добавлена ссылка PayPal
2023-11-25 03:02:31 | INFO | Добавлена ссылка Chess
2023-11-25 03:02:31 | INFO | Добавлена ссылка Linux
2023-11-25 03:02:31 | INFO | Добавлена ссылка Bitcoinforum
2023-11-25 03:02:31 | INFO | Добавлена ссылка Scala-Lang
2023-11-25 03:02:31 | INFO | Добавлена ссылка Signalusers
2023-11-25 03:02:31 | INFO | Добавлена ссылка Ebay
2023-11-25 03:02:31 | INFO | Добавлена ссылка PyPi
2023-11-25 03:02:31 | INFO | Добавлена ссылка Wikipedia
2023-11-25 03:02:31 | INFO | Добавлена ссылка Pastebin
2023-11-25 03:02:31 | INFO | Добавлена ссылка Metacritic
2023-11-25 03:02:31 | INFO | Добавлена ссылка OpenStreetMap
2023-11-25 03:02:31 | INFO | Добавлена ссылка Pinboard
2023-11-25 03:02:31 | INFO | Добавлена ссылка Pinkbike
2023-11-25 03:02:31 | INFO | Добавлена ссылка Seoclerks
2023-11-25 03:02:31 | INFO | Добавлена ссылка KickStarter
2023-11-25 03:02:31 | INFO | Добавлена категория money
2023-11-25 03:44:09 | INFO | Добавлена категория games
2023-11-25 03:44:09 | INFO | Добавлена ссылка Steam
2023-11-25 03:44:09 | INFO | Добавлена ссылка Ubisoft
2023-11-25 03:44:09 | INFO | Добавлена ссылка Xbox
2023-11-25 03:44:09 | INFO | Добавлена ссылка Warface
2023-11-25 03:44:09 | INFO | Добавлена категория vh
2023-11-25 03:44:09 | INFO | Добавлена ссылка YouTube
2023-11-25 03:44:09 | INFO | Добавлена ссылка Twitch
2023-11-25 03:44:09 | INFO | Добавлена ссылка TikTok
2023-11-25 03:44:09 | INFO | Добавлена категория social
2023-11-25 03:44:09 | INFO | Добавлена ссылка Instagram
2023-11-25 03:44:09 | INFO | Добавлена ссылка VK
2023-11-25 03:44:09 | INFO | Добавлена ссылка Twitter
2023-11-25 03:44:09 | INFO | Добавлена ссылка OK
2023-11-25 03:44:09 | INFO | Добавлена ссылка Facebook
2023-11-25 03:44:09 | INFO | Добавлена ссылка Telegram
2023-11-25 03:44:09 | INFO | Добавлена категория forums
2023-11-25 03:44:09 | INFO | Добавлена ссылка Anime-planet
2023-11-25 03:44:09 | INFO | Добавлена ссылка Pikabu
2023-11-25 03:44:09 | INFO | Добавлена ссылка Reddit
2023-11-25 03:44:09 | INFO | Добавлена ссылка LolzGuru
2023-11-25 03:44:09 | INFO | Добавлена категория other
2023-11-25 03:44:09 | INFO | Добавлена ссылка Github
2023-11-25 03:44:09 | INFO | Добавлена ссылка Gitlab
2023-11-25 03:44:09 | INFO | Добавлена ссылка AskFM
2023-11-25 03:44:09 | INFO | Добавлена ссылка SoundCloud
2023-11-25 03:44:09 | INFO | Добавлена ссылка Badoo
2023-11-25 03:44:09 | INFO | Добавлена ссылка Patreon
2023-11-25 03:44:09 | INFO | Добавлена ссылка Mamba
2023-11-25 03:44:09 | INFO | Добавлена ссылка TamTamChat
2023-11-25 03:44:09 | INFO | Добавлена ссылка Teletype
2023-11-25 03:44:09 | INFO | Добавлена ссылка DonationAlerts
2023-11-25 03:44:09 | INFO | Добавлена ссылка Qiwi
2023-11-25 03:44:09 | INFO | Добавлена ссылка PayPal
2023-11-25 03:44:09 | INFO | Добавлена ссылка Chess
2023-11-25 03:44:09 | INFO | Добавлена ссылка Linux
2023-11-25 03:44:09 | INFO | Добавлена ссылка Bitcoinforum
2023-11-25 03:44:09 | INFO | Добавлена ссылка Scala-Lang
2023-11-25 03:44:09 | INFO | Добавлена ссылка Signalusers
2023-11-25 03:44:09 | INFO | Добавлена ссылка Ebay
2023-11-25 03:44:09 | INFO | Добавлена ссылка PyPi
2023-11-25 03:44:09 | INFO | Добавлена ссылка Wikipedia
2023-11-25 03:44:09 | INFO | Добавлена ссылка Pastebin
2023-11-25 03:44:09 | INFO | Добавлена ссылка Metacritic
2023-11-25 03:44:09 | INFO | Добавлена ссылка OpenStreetMap
2023-11-25 03:44:09 | INFO | Добавлена ссылка Pinboard
2023-11-25 03:44:09 | INFO | Добавлена ссылка Pinkbike
2023-11-25 03:44:09 | INFO | Добавлена ссылка Seoclerks
2023-11-25 03:44:09 | INFO | Добавлена ссылка KickStarter
2023-11-25 03:44:09 | INFO | Добавлена категория money
2023-11-25 04:20:01 | INFO | Добавлена категория games
2023-11-25 04:20:01 | INFO | Добавлена ссылка Steam
2023-11-25 04:20:01 | INFO | Добавлена ссылка Ubisoft
2023-11-25 04:20:01 | INFO | Добавлена ссылка Xbox
2023-11-25 04:20:01 | INFO | Добавлена ссылка Warface
2023-11-25 04:20:01 | INFO | Добавлена категория vh
2023-11-25 04:20:01 | INFO | Добавлена ссылка YouTube
2023-11-25 04:20:01 | INFO | Добавлена ссылка Twitch
2023-11-25 04:20:01 | INFO | Добавлена ссылка TikTok
2023-11-25 04:20:01 | INFO | Добавлена категория social
2023-11-25 04:20:01 | INFO | Добавлена ссылка Instagram
2023-11-25 04:20:01 | INFO | Добавлена ссылка VK
2023-11-25 04:20:01 | INFO | Добавлена ссылка Twitter
2023-11-25 04:20:01 | INFO | Добавлена ссылка OK
2023-11-25 04:20:01 | INFO | Добавлена ссылка Facebook
2023-11-25 04:20:01 | INFO | Добавлена ссылка Telegram
2023-11-25 04:20:01 | INFO | Добавлена категория forums
2023-11-25 04:20:01 | INFO | Добавлена ссылка Anime-planet
2023-11-25 04:20:01 | INFO | Добавлена ссылка Pikabu
2023-11-25 04:20:01 | INFO | Добавлена ссылка Reddit
2023-11-25 04:20:01 | INFO | Добавлена ссылка LolzGuru
2023-11-25 04:20:01 | INFO | Добавлена категория other
2023-11-25 04:20:01 | INFO | Добавлена ссылка Github
2023-11-25 04:20:01 | INFO | Добавлена ссылка Gitlab
2023-11-25 04:20:01 | INFO | Добавлена ссылка AskFM
2023-11-25 04:20:01 | INFO | Добавлена ссылка SoundCloud
2023-11-25 04:20:01 | INFO | Добавлена ссылка Badoo
2023-11-25 04:20:01 | INFO | Добавлена ссылка Patreon
2023-11-25 04:20:01 | INFO | Добавлена ссылка Mamba
2023-11-25 04:20:01 | INFO | Добавлена ссылка TamTamChat
2023-11-25 04:20:01 | INFO | Добавлена ссылка Teletype
2023-11-25 04:20:01 | INFO | Добавлена ссылка DonationAlerts
2023-11-25 04:20:01 | INFO | Добавлена ссылка Qiwi
2023-11-25 04:20:01 | INFO | Добавлена ссылка PayPal
2023-11-25 04:20:01 | INFO | Добавлена ссылка Chess
2023-11-25 04:20:01 | INFO | Добавлена ссылка Linux
2023-11-25 04:20:01 | INFO | Добавлена ссылка Bitcoinforum
2023-11-25 04:20:01 | INFO | Добавлена ссылка Scala-Lang
2023-11-25 04:20:01 | INFO | Добавлена ссылка Signalusers
2023-11-25 04:20:01 | INFO | Добавлена ссылка Ebay
2023-11-25 04:20:01 | INFO | Добавлена ссылка PyPi
2023-11-25 04:20:01 | INFO | Добавлена ссылка Wikipedia
2023-11-25 04:20:01 | INFO | Добавлена ссылка Pastebin
2023-11-25 04:20:01 | INFO | Добавлена ссылка Metacritic
2023-11-25 04:20:01 | INFO | Добавлена ссылка OpenStreetMap
2023-11-25 04:20:01 | INFO | Добавлена ссылка Pinboard
2023-11-25 04:20:01 | INFO | Добавлена ссылка Pinkbike
2023-11-25 04:20:01 | INFO | Добавлена ссылка Seoclerks
2023-11-25 04:20:01 | INFO | Добавлена ссылка KickStarter
2023-11-25 04:20:01 | INFO | Добавлена категория money
